<?xml version="1.0" encoding="UTF-8"?>
<testsuite name="onboarding.ApplicationTest$Problem1Test" tests="3" skipped="0" failures="0" errors="0" timestamp="2023-08-27T07:41:46" hostname="DESKTOP-P4K54HL" time="0.041">
  <properties/>
  <testcase name="case1()" classname="onboarding.ApplicationTest$Problem1Test" time="0.039"/>
  <testcase name="case2()" classname="onboarding.ApplicationTest$Problem1Test" time="0.0"/>
  <testcase name="case3()" classname="onboarding.ApplicationTest$Problem1Test" time="0.0"/>
  <system-out><![CDATA[]]></system-out>
  <system-err><![CDATA[]]></system-err>
</testsuite>
